<?xml version="1.0" encoding="UTF-8" ?>
<testsuite tests="3" failures="0" name="Tests" time="4.685" errors="0" skipped="0">
  <properties>
    <property name="PROCESSOR_ARCHITECTURE" value="AMD64"/>
    <property name="file.encoding.pkg" value="sun.io"/>
    <property name="user.language.format" value="ru"/>
    <property name="LOGONSERVER" value="\\DCODSUN"/>
    <property name="ProgramData" value="C:\ProgramData"/>
    <property name="java.home" value="C:\Program Files\Java\jdk1.8.0_131\jre"/>
    <property name="ROOT_BUILD_CAUSE" value="TIMERTRIGGER"/>
    <property name="REDIS_HOME" value="C:\Program Files\Redis"/>
    <property name="NODE_NAME" value="master"/>
    <property name="JENKINS_URL" value="http://127.0.0.1:8081/"/>
    <property name="ALLUSERSPROFILE" value="C:\ProgramData"/>
    <property name="java.endorsed.dirs" value="C:\Program Files\Java\jdk1.8.0_131\jre\lib\endorsed"/>
    <property name="PRUNMGR" value="C:\Program Files\DataStax-DDC\utils\prunmgr.exe"/>
    <property name="PSModulePath" value="C:\Program Files\WindowsPowerShell\Modules;C:\Windows\system32\WindowsPowerShell\v1.0\Modules"/>
    <property name="=::" value="::\"/>
    <property name="USERDOMAIN" value="UNIVERSE"/>
    <property name="sun.os.patch.level" value=""/>
    <property name="java.vendor.url" value="http://java.oracle.com/"/>
    <property name="CommonProgramFiles(x86)" value="C:\Program Files (x86)\Common Files"/>
    <property name="java.version" value="1.8.0_131"/>
    <property name="JOB_NAME" value="CryptoDB Project"/>
    <property name="PRUNSRV" value="C:\Program Files\DataStax-DDC\utils\prunsrv.exe"/>
    <property name="COMPUTERNAME" value="DZVARICH"/>
    <property name="java.vendor.url.bug" value="http://bugreport.sun.com/bugreport/"/>
    <property name="PUBLIC" value="C:\Users\Public"/>
    <property name="BUILD_CAUSE" value="TIMERTRIGGER"/>
    <property name="user.name" value="dzvarich"/>
    <property name="sun.io.unicode.encoding" value="UnicodeLittle"/>
    <property name="sun.jnu.encoding" value="Cp1251"/>
    <property name="java.runtime.name" value="Java(TM) SE Runtime Environment"/>
    <property name="windir" value="C:\Windows"/>
    <property name="PROCESSOR_IDENTIFIER" value="Intel64 Family 6 Model 60 Stepping 3, GenuineIntel"/>
    <property name="java.specification.name" value="Java Platform API Specification"/>
    <property name="LOCALAPPDATA" value="C:\Users\dzvarich\AppData\Local"/>
    <property name="RUN_CHANGES_DISPLAY_URL" value="http://127.0.0.1:8081/job/CryptoDB%20Project/17467/display/redirect?page=changes"/>
    <property name="user.timezone" value="Europe/Helsinki"/>
    <property name="user.script" value=""/>
    <property name="path.separator" value=";"/>
    <property name="NUMBER_OF_PROCESSORS" value="4"/>
    <property name="BUILD_TAG" value="jenkins-CryptoDB Project-17467"/>
    <property name="file.encoding" value="Cp1251"/>
    <property name="sun.java.command" value="jenkins.maven3.agent.Maven35Main C:\Users\dzvarich\.jenkins\tools\hudson.tasks.Maven_MavenInstallation\MavenProject C:\Users\dzvarich\.jenkins\war\WEB-INF\lib\remoting-3.26.jar C:\Users\dzvarich\.jenkins\plugins\maven-plugin\WEB-INF\lib\maven35-interceptor-1.12-alpha-1.jar C:\Users\dzvarich\.jenkins\plugins\maven-plugin\WEB-INF\lib\maven3-interceptor-commons-1.12-alpha-1.jar 55335"/>
    <property name="HUDSON_URL" value="http://127.0.0.1:8081/"/>
    <property name="JENKINS_SERVER_COOKIE" value="6de8c333b767fa9e"/>
    <property name="EXECUTOR_NUMBER" value="1"/>
    <property name="Path" value="C:\Program Files\Docker\Docker\Resources\bin;C:\ProgramData\Oracle\Java\javapath;C:\Windows\system32;C:\Windows;C:\Windows\System32\Wbem;C:\Windows\System32\WindowsPowerShell\v1.0\;C:\Program Files\Git\cmd;C:\Program Files\apache-maven-3.5.2\bin;C:\Program Files (x86)\Microsoft SQL Server\Client SDK\ODBC\130\Tools\Binn\;C:\Program Files (x86)\Microsoft SQL Server\140\Tools\Binn\;C:\Program Files (x86)\Microsoft SQL Server\140\DTS\Binn\;C:\Program Files (x86)\Microsoft SQL Server\140\Tools\Binn\ManagementStudio\;C:\Program Files (x86)\Skype\Phone\;C:\Program Files\TortoiseGit\bin;C:\Program Files\PuTTY\;C:\Users\dzvarich\AppData\Local\Microsoft\WindowsApps;C:\Program Files\apache-maven-3.5.2\bin;;C:\Users\dzvarich\AppData\Local\Programs\Fiddler"/>
    <property name="java.io.tmpdir" value="C:\Users\dzvarich\AppData\Local\Temp\"/>
    <property name="APPDATA" value="C:\Users\dzvarich\AppData\Roaming"/>
    <property name="user.language" value="en"/>
    <property name="line.separator" value="
"/>
    <property name="BUILD_URL" value="http://127.0.0.1:8081/job/CryptoDB%20Project/17467/"/>
    <property name="M2_HOME" value="C:\Users\dzvarich\.jenkins\tools\hudson.tasks.Maven_MavenInstallation\MavenProject"/>
    <property name="CASSANDRA_HOME" value="C:\Program Files\DataStax-DDC\apache-cassandra\"/>
    <property name="=C:" value="C:\Program Files (x86)\Jenkins"/>
    <property name="java.vm.info" value="mixed mode"/>
    <property name="sun.desktop" value="windows"/>
    <property name="java.vm.specification.name" value="Java Virtual Machine Specification"/>
    <property name="BUILD_DISPLAY_NAME" value="#17467"/>
    <property name="OS" value="Windows_NT"/>
    <property name="guice.disable.misplaced.annotation.check" value="true"/>
    <property name="HUDSON_SERVER_COOKIE" value="6de8c333b767fa9e"/>
    <property name="MAVEN_HOME" value="C:\Users\dzvarich\.jenkins\tools\hudson.tasks.Maven_MavenInstallation\MavenProject"/>
    <property name="SESSIONNAME" value="Console"/>
    <property name="PATHEXT" value=".COM;.EXE;.BAT;.CMD;.VBS;.VBE;.JS;.JSE;.WSF;.WSH;.MSC"/>
    <property name="java.awt.printerjob" value="sun.awt.windows.WPrinterJob"/>
    <property name="maven3.interceptor.common" value="C:\Users\dzvarich\.jenkins\plugins\maven-plugin\WEB-INF\lib\maven3-interceptor-commons-1.12-alpha-1.jar"/>
    <property name="CLASSPATH" value=""/>
    <property name="user.country.format" value="RU"/>
    <property name="HOMEPATH" value="\Users\dzvarich"/>
    <property name="os.name" value="Windows 10"/>
    <property name="java.specification.vendor" value="Oracle Corporation"/>
    <property name="java.vm.name" value="Java HotSpot(TM) 64-Bit Server VM"/>
    <property name="BUILD_NUMBER" value="17467"/>
    <property name="maven3.interceptor" value="C:\Users\dzvarich\.jenkins\plugins\maven-plugin\WEB-INF\lib\maven35-interceptor-1.12-alpha-1.jar"/>
    <property name="java.library.path" value="C:\Program Files\Java\jdk1.8.0_131\bin;C:\Windows\Sun\Java\bin;C:\Windows\system32;C:\Windows;C:\Users\dzvarich\.jenkins\tools\hudson.tasks.Maven_MavenInstallation\MavenProject/bin;C:\Program Files\Java\jdk1.8.0_131/bin;C:\Program Files\Docker\Docker\Resources\bin;C:\ProgramData\Oracle\Java\javapath;C:\Windows\system32;C:\Windows;C:\Windows\System32\Wbem;C:\Windows\System32\WindowsPowerShell\v1.0\;C:\Program Files\Git\cmd;C:\Program Files\apache-maven-3.5.2\bin;C:\Program Files (x86)\Microsoft SQL Server\Client SDK\ODBC\130\Tools\Binn\;C:\Program Files (x86)\Microsoft SQL Server\140\Tools\Binn\;C:\Program Files (x86)\Microsoft SQL Server\140\DTS\Binn\;C:\Program Files (x86)\Microsoft SQL Server\140\Tools\Binn\ManagementStudio\;C:\Program Files (x86)\Skype\Phone\;C:\Program Files\TortoiseGit\bin;C:\Program Files\PuTTY\;C:\Users\dzvarich\AppData\Local\Microsoft\WindowsApps;C:\Program Files\apache-maven-3.5.2\bin;;C:\Users\dzvarich\AppData\Local\Programs\Fiddler;."/>
    <property name="HOMEDRIVE" value="C:"/>
    <property name="POM_GROUPID" value="CryptoProject"/>
    <property name="POM_ARTIFACTID" value="CryptoProject"/>
    <property name="java.class.version" value="52.0"/>
    <property name="JOB_URL" value="http://127.0.0.1:8081/job/CryptoDB%20Project/"/>
    <property name="DSCINSTALLDIR" value="C:\Program Files\DataStax-DDC\"/>
    <property name="OneDrive" value="C:\Users\dzvarich\OneDrive"/>
    <property name="RUN_DISPLAY_URL" value="http://127.0.0.1:8081/job/CryptoDB%20Project/17467/display/redirect"/>
    <property name="JENKINS_HOME" value="C:\Users\dzvarich\.jenkins"/>
    <property name="BUILD_ID" value="17467"/>
    <property name="TEMP" value="C:\Users\dzvarich\AppData\Local\Temp"/>
    <property name="sun.boot.library.path" value="C:\Program Files\Java\jdk1.8.0_131\jre\bin"/>
    <property name="sun.management.compiler" value="HotSpot 64-Bit Tiered Compilers"/>
    <property name="java.awt.graphicsenv" value="sun.awt.Win32GraphicsEnvironment"/>
    <property name="user.variant" value=""/>
    <property name="PROCESSOR_REVISION" value="3c03"/>
    <property name="POM_VERSION" value="1.0-SNAPSHOT"/>
    <property name="HUDSON_HOME" value="C:\Users\dzvarich\.jenkins"/>
    <property name="ProgramFiles(x86)" value="C:\Program Files (x86)"/>
    <property name="PATH+MAVEN" value="C:\Users\dzvarich\.jenkins\tools\hudson.tasks.Maven_MavenInstallation\MavenProject/bin"/>
    <property name="USERDOMAIN_ROAMINGPROFILE" value="UNIVERSE"/>
    <property name="PROMPT" value="$P$G"/>
    <property name="java.vm.specification.version" value="1.8"/>
    <property name="JAVA_HOME" value="C:\Program Files\Java\jdk1.8.0_131"/>
    <property name="awt.toolkit" value="sun.awt.windows.WToolkit"/>
    <property name="NODE_LABELS" value="master"/>
    <property name="sun.cpu.isalist" value="amd64"/>
    <property name="USERPROFILE" value="C:\Users\dzvarich"/>
    <property name="JOB_DISPLAY_URL" value="http://127.0.0.1:8081/job/CryptoDB%20Project/display/redirect"/>
    <property name="java.ext.dirs" value="C:\Program Files\Java\jdk1.8.0_131\jre\lib\ext;C:\Windows\Sun\Java\lib\ext"/>
    <property name="os.version" value="10.0"/>
    <property name="user.home" value="C:\Users\dzvarich"/>
    <property name="USERNAME" value="dzvarich"/>
    <property name="java.vm.vendor" value="Oracle Corporation"/>
    <property name="PROCESSOR_LEVEL" value="6"/>
    <property name="USERDNSDOMAIN" value="UNIVERSE.DART.SPB"/>
    <property name="CommonProgramW6432" value="C:\Program Files\Common Files"/>
    <property name="user.dir" value="D:\myProjects\CryptoProject"/>
    <property name="maven.conf" value="C:\Users\dzvarich\.jenkins\tools\hudson.tasks.Maven_MavenInstallation\MavenProject\conf"/>
    <property name="ProgramW6432" value="C:\Program Files"/>
    <property name="TMP" value="C:\Users\dzvarich\AppData\Local\Temp"/>
    <property name="UATDATA" value="C:\Windows\CCM\UATData\D9F8C395-CAB8-491d-B8AC-179A1FE1BE77"/>
    <property name="sun.cpu.endian" value="little"/>
    <property name="SystemDrive" value="C:"/>
    <property name="java.vm.version" value="25.131-b11"/>
    <property name="java.class.path" value="C:\Users\dzvarich\.jenkins\plugins\maven-plugin\WEB-INF\lib\maven35-agent-1.12-alpha-1.jar;C:\Users\dzvarich\.jenkins\tools\hudson.tasks.Maven_MavenInstallation\MavenProject\boot\plexus-classworlds-2.5.2.jar;C:\Users\dzvarich\.jenkins\tools\hudson.tasks.Maven_MavenInstallation\MavenProject/conf/logging"/>
    <property name="org.slf4j.simpleLogger.defaultLogLevel" value="info"/>
    <property name="ROOT_BUILD_CAUSE_TIMERTRIGGER" value="true"/>
    <property name="os.arch" value="amd64"/>
    <property name="WORKSPACE" value="C:\Users\dzvarich\.jenkins\workspace\CryptoDB Project"/>
    <property name="ComSpec" value="C:\Windows\system32\cmd.exe"/>
    <property name="sun.java.launcher" value="SUN_STANDARD"/>
    <property name="FPS_BROWSER_APP_PROFILE_STRING" value="Internet Explorer"/>
    <property name="SystemRoot" value="C:\Windows"/>
    <property name="CommonProgramFiles" value="C:\Program Files\Common Files"/>
    <property name="java.vm.specification.vendor" value="Oracle Corporation"/>
    <property name="FPS_BROWSER_USER_PROFILE_STRING" value="Default"/>
    <property name="file.separator" value="\"/>
    <property name="java.runtime.version" value="1.8.0_131-b11"/>
    <property name="ProgramFiles" value="C:\Program Files"/>
    <property name="sun.boot.class.path" value="C:\Program Files\Java\jdk1.8.0_131\jre\lib\resources.jar;C:\Program Files\Java\jdk1.8.0_131\jre\lib\rt.jar;C:\Program Files\Java\jdk1.8.0_131\jre\lib\sunrsasign.jar;C:\Program Files\Java\jdk1.8.0_131\jre\lib\jsse.jar;C:\Program Files\Java\jdk1.8.0_131\jre\lib\jce.jar;C:\Program Files\Java\jdk1.8.0_131\jre\lib\charsets.jar;C:\Program Files\Java\jdk1.8.0_131\jre\lib\jfr.jar;C:\Program Files\Java\jdk1.8.0_131\jre\classes"/>
    <property name="PATH+JDK" value="C:\Program Files\Java\jdk1.8.0_131/bin"/>
    <property name="user.country" value="US"/>
    <property name="POM_PACKAGING" value="jar"/>
    <property name="maven.home" value="C:\Users\dzvarich\.jenkins\tools\hudson.tasks.Maven_MavenInstallation\MavenProject"/>
    <property name="JOB_BASE_NAME" value="CryptoDB Project"/>
    <property name="java.vendor" value="Oracle Corporation"/>
    <property name="BUILD_CAUSE_TIMERTRIGGER" value="true"/>
    <property name="POM_DISPLAYNAME" value="CryptoProject"/>
    <property name="java.specification.version" value="1.8"/>
    <property name="sun.arch.data.model" value="64"/>
  </properties>
  <testcase classname="Tests" name="addNewRecordToDB" time="1.525"/>
  <testcase classname="Tests" name="dataTest" time="2.132"/>
  <testcase classname="Tests" name="removeData" time="1.028"/>
</testsuite>