<?xml version="1.0" encoding="UTF-8"?>
<!-- Generated by org.testng.reporters.JUnitReportReporter -->
<testsuite skipped="0" hostname="dzvarich" name="Tests" tests="3" failures="0" timestamp="2018-10-17T04:15:02 EEST" time="5.548" errors="0">
  <testcase name="dataTest" time="2.842" classname="Tests"/>
  <testcase name="removeData" time="1.104" classname="Tests"/>
  <testcase name="addNewRecordToDB" time="1.602" classname="Tests"/>
</testsuite> <!-- Tests -->
