<?xml version="1.0" encoding="UTF-8"?>
<!-- Generated by org.testng.reporters.JUnitReportReporter -->
<testsuite skipped="0" hostname="dzvarich" name="Tests" tests="3" failures="0" timestamp="2018-10-06T00:17:10 EEST" time="2.708" errors="0">
  <testcase name="removeData" time="0.860" classname="Tests"/>
  <testcase name="addNewRecordToDB" time="0.641" classname="Tests"/>
  <testcase name="dataTest" time="1.207" classname="Tests"/>
</testsuite> <!-- Tests -->
